2015-06-05 16:32:34 [-][-][-][error][yii\db\Exception] exception 'PDOException' with message 'SQLSTATE[HY000] [1044] Access denied for user 'irwin_dbuser'@'localhost' to database 'basic'' in D:\xampp_projects\OnlineOrdering\_protected\vendor\yiisoft\yii2\db\Connection.php:579
Stack trace:
#0 D:\xampp_projects\OnlineOrdering\_protected\vendor\yiisoft\yii2\db\Connection.php(579): PDO->__construct('mysql:host=loca...', 'irwin_dbuser', 'BnsSfbfXVnSH7yV...', NULL)
#1 D:\xampp_projects\OnlineOrdering\_protected\vendor\yiisoft\yii2\db\Connection.php(529): yii\db\Connection->createPdoInstance()
#2 D:\xampp_projects\OnlineOrdering\_protected\vendor\yiisoft\yii2\db\Connection.php(836): yii\db\Connection->open()
#3 D:\xampp_projects\OnlineOrdering\_protected\vendor\yiisoft\yii2\db\Connection.php(823): yii\db\Connection->getMasterPdo()
#4 D:\xampp_projects\OnlineOrdering\_protected\vendor\yiisoft\yii2\db\Command.php(206): yii\db\Connection->getSlavePdo()
#5 D:\xampp_projects\OnlineOrdering\_protected\vendor\yiisoft\yii2\db\Command.php(819): yii\db\Command->prepare(true)
#6 D:\xampp_projects\OnlineOrdering\_protected\vendor\yiisoft\yii2\db\Command.php(349): yii\db\Command->queryInternal('fetchAll', NULL)
#7 D:\xampp_projects\OnlineOrdering\_protected\vendor\yiisoft\yii2\db\mysql\Schema.php(198): yii\db\Command->queryAll()
#8 D:\xampp_projects\OnlineOrdering\_protected\vendor\yiisoft\yii2\db\mysql\Schema.php(97): yii\db\mysql\Schema->findColumns(Object(yii\db\TableSchema))
#9 D:\xampp_projects\OnlineOrdering\_protected\vendor\yiisoft\yii2\db\Schema.php(146): yii\db\mysql\Schema->loadTableSchema('migration')
#10 D:\xampp_projects\OnlineOrdering\_protected\vendor\yiisoft\yii2\console\controllers\MigrateController.php(121): yii\db\Schema->getTableSchema('{{%migration}}', true)
#11 D:\xampp_projects\OnlineOrdering\_protected\vendor\yiisoft\yii2\console\controllers\BaseMigrateController.php(610): yii\console\controllers\MigrateController->getMigrationHistory(NULL)
#12 D:\xampp_projects\OnlineOrdering\_protected\vendor\yiisoft\yii2\console\controllers\BaseMigrateController.php(102): yii\console\controllers\BaseMigrateController->getNewMigrations()
#13 [internal function]: yii\console\controllers\BaseMigrateController->actionUp(0)
#14 D:\xampp_projects\OnlineOrdering\_protected\vendor\yiisoft\yii2\base\InlineAction.php(55): call_user_func_array(Array, Array)
#15 D:\xampp_projects\OnlineOrdering\_protected\vendor\yiisoft\yii2\base\Controller.php(151): yii\base\InlineAction->runWithParams(Array)
#16 D:\xampp_projects\OnlineOrdering\_protected\vendor\yiisoft\yii2\console\Controller.php(91): yii\base\Controller->runAction('', Array)
#17 D:\xampp_projects\OnlineOrdering\_protected\vendor\yiisoft\yii2\base\Module.php(455): yii\console\Controller->runAction('', Array)
#18 D:\xampp_projects\OnlineOrdering\_protected\vendor\yiisoft\yii2\console\Application.php(161): yii\base\Module->runAction('migrate', Array)
#19 D:\xampp_projects\OnlineOrdering\_protected\vendor\yiisoft\yii2\console\Application.php(137): yii\console\Application->runAction('migrate', Array)
#20 D:\xampp_projects\OnlineOrdering\_protected\vendor\yiisoft\yii2\base\Application.php(375): yii\console\Application->handleRequest(Object(yii\console\Request))
#21 D:\xampp_projects\OnlineOrdering\_protected\yii(25): yii\base\Application->run()
#22 {main}

Next exception 'yii\db\Exception' with message 'SQLSTATE[HY000] [1044] Access denied for user 'irwin_dbuser'@'localhost' to database 'basic'' in D:\xampp_projects\OnlineOrdering\_protected\vendor\yiisoft\yii2\db\Connection.php:534
Stack trace:
#0 D:\xampp_projects\OnlineOrdering\_protected\vendor\yiisoft\yii2\db\Connection.php(836): yii\db\Connection->open()
#1 D:\xampp_projects\OnlineOrdering\_protected\vendor\yiisoft\yii2\db\Connection.php(823): yii\db\Connection->getMasterPdo()
#2 D:\xampp_projects\OnlineOrdering\_protected\vendor\yiisoft\yii2\db\Command.php(206): yii\db\Connection->getSlavePdo()
#3 D:\xampp_projects\OnlineOrdering\_protected\vendor\yiisoft\yii2\db\Command.php(819): yii\db\Command->prepare(true)
#4 D:\xampp_projects\OnlineOrdering\_protected\vendor\yiisoft\yii2\db\Command.php(349): yii\db\Command->queryInternal('fetchAll', NULL)
#5 D:\xampp_projects\OnlineOrdering\_protected\vendor\yiisoft\yii2\db\mysql\Schema.php(198): yii\db\Command->queryAll()
#6 D:\xampp_projects\OnlineOrdering\_protected\vendor\yiisoft\yii2\db\mysql\Schema.php(97): yii\db\mysql\Schema->findColumns(Object(yii\db\TableSchema))
#7 D:\xampp_projects\OnlineOrdering\_protected\vendor\yiisoft\yii2\db\Schema.php(146): yii\db\mysql\Schema->loadTableSchema('migration')
#8 D:\xampp_projects\OnlineOrdering\_protected\vendor\yiisoft\yii2\console\controllers\MigrateController.php(121): yii\db\Schema->getTableSchema('{{%migration}}', true)
#9 D:\xampp_projects\OnlineOrdering\_protected\vendor\yiisoft\yii2\console\controllers\BaseMigrateController.php(610): yii\console\controllers\MigrateController->getMigrationHistory(NULL)
#10 D:\xampp_projects\OnlineOrdering\_protected\vendor\yiisoft\yii2\console\controllers\BaseMigrateController.php(102): yii\console\controllers\BaseMigrateController->getNewMigrations()
#11 [internal function]: yii\console\controllers\BaseMigrateController->actionUp(0)
#12 D:\xampp_projects\OnlineOrdering\_protected\vendor\yiisoft\yii2\base\InlineAction.php(55): call_user_func_array(Array, Array)
#13 D:\xampp_projects\OnlineOrdering\_protected\vendor\yiisoft\yii2\base\Controller.php(151): yii\base\InlineAction->runWithParams(Array)
#14 D:\xampp_projects\OnlineOrdering\_protected\vendor\yiisoft\yii2\console\Controller.php(91): yii\base\Controller->runAction('', Array)
#15 D:\xampp_projects\OnlineOrdering\_protected\vendor\yiisoft\yii2\base\Module.php(455): yii\console\Controller->runAction('', Array)
#16 D:\xampp_projects\OnlineOrdering\_protected\vendor\yiisoft\yii2\console\Application.php(161): yii\base\Module->runAction('migrate', Array)
#17 D:\xampp_projects\OnlineOrdering\_protected\vendor\yiisoft\yii2\console\Application.php(137): yii\console\Application->runAction('migrate', Array)
#18 D:\xampp_projects\OnlineOrdering\_protected\vendor\yiisoft\yii2\base\Application.php(375): yii\console\Application->handleRequest(Object(yii\console\Request))
#19 D:\xampp_projects\OnlineOrdering\_protected\yii(25): yii\base\Application->run()
#20 {main}
Additional Information:

2015-06-05 16:32:34 [-][-][-][info][application] $_SERVER = [
    'ALLUSERSPROFILE' => 'C:\\ProgramData'
    'APPDATA' => 'D:\\Users\\shamus.dougan.SAPIENT-TECH\\AppData\\Roaming'
    'CommonProgramFiles' => 'C:\\Program Files (x86)\\Common Files'
    'CommonProgramFiles(x86)' => 'C:\\Program Files (x86)\\Common Files'
    'CommonProgramW6432' => 'C:\\Program Files\\Common Files'
    'COMPUTERNAME' => 'SHAMUS-W7'
    'ComSpec' => 'C:\\Windows\\system32\\cmd.exe'
    'FP_NO_HOST_CHECK' => 'NO'
    'HOMEDRIVE' => 'D:'
    'HOMEPATH' => '\\Users\\shamus.dougan.SAPIENT-TECH'
    'LOCALAPPDATA' => 'D:\\Users\\shamus.dougan.SAPIENT-TECH\\AppData\\Local'
    'LOGONSERVER' => '\\\\STS-SBSESS'
    'LTSHARE' => 'L:'
    'NUMBER_OF_PROCESSORS' => '4'
    'OPENSSL_CONF' => 'C:\\OpenSSL-Win32\\bin\\openssl.cfg'
    'OS' => 'Windows_NT'
    'Path' => 'C:\\ProgramData\\Oracle\\Java\\javapath;C:\\Program Files\\Common Files\\Microsoft Shared\\Microsoft Online Services;C:\\Program Files (x86)\\Common Files\\Microsoft Shared\\Microsoft Online Services;C:\\Windows\\system32;C:\\Windows;C:\\Windows\\System32\\Wbem;C:Support\\;C:\\Program Files (x86)\\QuickTime\\QTSystem\\;C:\\Program Files\\Windows Imaging\\;C:\\Windows\\System32\\WindowsPowerShell\\v1.0\\;C:\\Windows\\System32\\WindowsPowerShell\\v1.0\\;C:\\Program Files\\Windows AIK\\Tools\\amd64;D:\\xampp\\php;C:\\ProgramData\\ComposerSetup\\bin'
    'PATHEXT' => '.COM;.EXE;.BAT;.CMD;.VBS;.VBE;.JS;.JSE;.WSF;.WSH;.MSC'
    'PHP_COMMAND' => 'php.exe'
    'PROCESSOR_ARCHITECTURE' => 'x86'
    'PROCESSOR_ARCHITEW6432' => 'AMD64'
    'PROCESSOR_IDENTIFIER' => 'Intel64 Family 6 Model 42 Stepping 7, GenuineIntel'
    'PROCESSOR_LEVEL' => '6'
    'PROCESSOR_REVISION' => '2a07'
    'ProgramData' => 'C:\\ProgramData'
    'ProgramFiles' => 'C:\\Program Files (x86)'
    'ProgramFiles(x86)' => 'C:\\Program Files (x86)'
    'ProgramW6432' => 'C:\\Program Files'
    'PROMPT' => '$P$G'
    'PSModulePath' => 'C:\\Windows\\system32\\WindowsPowerShell\\v1.0\\Modules\\'
    'PUBLIC' => 'D:\\Users\\Public'
    'SESSIONNAME' => 'Console'
    'SystemDrive' => 'C:'
    'SystemRoot' => 'C:\\Windows'
    'TEMP' => 'D:\\Users\\SHAMUS~1.SAP\\AppData\\Local\\Temp'
    'TMP' => 'D:\\Users\\SHAMUS~1.SAP\\AppData\\Local\\Temp'
    'USERDNSDOMAIN' => 'SAPIENT-TECH.LOCAL'
    'USERDOMAIN' => 'SAPIENT-TECH'
    'USERNAME' => 'shamus.dougan'
    'USERPROFILE' => 'D:\\Users\\shamus.dougan.SAPIENT-TECH'
    'VBOX_MSI_INSTALL_PATH' => 'C:\\Program Files\\Oracle\\VirtualBox\\'
    'VS110COMNTOOLS' => 'C:\\Program Files (x86)\\Microsoft Visual Studio 11.0\\Common7\\Tools\\'
    'windir' => 'C:\\Windows'
    'windows_tracing_flags' => '3'
    'windows_tracing_logfile' => 'C:\\BVTBin\\Tests\\installpackage\\csilogfile.log'
    'YII_PATH' => 'D:\\xampp_projects\\OnlineOrdering\\_protected\\'
    'PHP_SELF' => 'D:\\xampp_projects\\OnlineOrdering\\_protected\\yii'
    'SCRIPT_NAME' => 'D:\\xampp_projects\\OnlineOrdering\\_protected\\yii'
    'SCRIPT_FILENAME' => 'D:\\xampp_projects\\OnlineOrdering\\_protected\\yii'
    'PATH_TRANSLATED' => 'D:\\xampp_projects\\OnlineOrdering\\_protected\\yii'
    'DOCUMENT_ROOT' => ''
    'REQUEST_TIME_FLOAT' => 1433485954.1352
    'REQUEST_TIME' => 1433485954
    'argv' => [
        0 => 'D:\\xampp_projects\\OnlineOrdering\\_protected\\yii'
        1 => 'migrate'
    ]
    'argc' => 2
]
2015-06-06 14:22:06 [127.0.0.1][-][-][error][yii\web\HttpException:404] exception 'yii\base\InvalidRouteException' with message 'Unable to resolve the request "browserconfig.xml".' in C:\xampp-projects\OnlineOrdering\_protected\vendor\yiisoft\yii2\base\Module.php:461
Stack trace:
#0 C:\xampp-projects\OnlineOrdering\_protected\vendor\yiisoft\yii2\web\Application.php(84): yii\base\Module->runAction('browserconfig.x...', Array)
#1 C:\xampp-projects\OnlineOrdering\_protected\vendor\yiisoft\yii2\base\Application.php(375): yii\web\Application->handleRequest(Object(yii\web\Request))
#2 C:\xampp-projects\OnlineOrdering\index.php(12): yii\base\Application->run()
#3 {main}

Next exception 'yii\web\NotFoundHttpException' with message 'Page not found.' in C:\xampp-projects\OnlineOrdering\_protected\vendor\yiisoft\yii2\web\Application.php:96
Stack trace:
#0 C:\xampp-projects\OnlineOrdering\_protected\vendor\yiisoft\yii2\base\Application.php(375): yii\web\Application->handleRequest(Object(yii\web\Request))
#1 C:\xampp-projects\OnlineOrdering\index.php(12): yii\base\Application->run()
#2 {main}
2015-06-06 14:22:06 [127.0.0.1][-][-][info][application] $_COOKIE = [
    'PHPSESSID' => 'e88li4fosjs7gf9m8n2bplq333'
    '_csrf' => '8827689d7e57f878f3a2323f92f409c6fcff8680dd67615e82d66cb6a9244b16a:2:{i:0;s:5:\"_csrf\";i:1;s:32:\"OA5em4SLdQn7Iq0LIwLM5oTcQj_h6RX4\";}'
]

$_SESSION = [
    '__flash' => []
]

$_SERVER = [
    'REDIRECT_MIBDIRS' => 'C:/xampp/php/extras/mibs'
    'REDIRECT_MYSQL_HOME' => '\\xampp\\mysql\\bin'
    'REDIRECT_OPENSSL_CONF' => 'C:/xampp/apache/bin/openssl.cnf'
    'REDIRECT_PHP_PEAR_SYSCONF_DIR' => '\\xampp\\php'
    'REDIRECT_PHPRC' => '\\xampp\\php'
    'REDIRECT_TMP' => '\\xampp\\tmp'
    'REDIRECT_STATUS' => '200'
    'MIBDIRS' => 'C:/xampp/php/extras/mibs'
    'MYSQL_HOME' => '\\xampp\\mysql\\bin'
    'OPENSSL_CONF' => 'C:/xampp/apache/bin/openssl.cnf'
    'PHP_PEAR_SYSCONF_DIR' => '\\xampp\\php'
    'PHPRC' => '\\xampp\\php'
    'TMP' => '\\xampp\\tmp'
    'HTTP_ACCEPT' => '*/*'
    'HTTP_UA_CPU' => 'AMD64'
    'HTTP_ACCEPT_ENCODING' => 'gzip, deflate'
    'HTTP_USER_AGENT' => 'Mozilla/5.0 (Windows NT 6.3; Win64; x64; Trident/7.0; Touch; rv:11.0) like Gecko'
    'HTTP_HOST' => 'order.irwinstockfeeds.com.au'
    'HTTP_DNT' => '1'
    'HTTP_CONNECTION' => 'Keep-Alive'
    'HTTP_COOKIE' => 'PHPSESSID=e88li4fosjs7gf9m8n2bplq333; _csrf=8827689d7e57f878f3a2323f92f409c6fcff8680dd67615e82d66cb6a9244b16a%3A2%3A%7Bi%3A0%3Bs%3A5%3A%22_csrf%22%3Bi%3A1%3Bs%3A32%3A%22OA5em4SLdQn7Iq0LIwLM5oTcQj_h6RX4%22%3B%7D'
    'PATH' => 'C:\\ProgramData\\Oracle\\Java\\javapath;C:\\windows\\system32;C:\\windows;C:\\windows\\System32\\Wbem;C:\\windows\\System32\\WindowsPowerShell\\v1.0\\;C:\\xampp\\php;C:\\ProgramData\\ComposerSetup\\bin'
    'SystemRoot' => 'C:\\windows'
    'COMSPEC' => 'C:\\windows\\system32\\cmd.exe'
    'PATHEXT' => '.COM;.EXE;.BAT;.CMD;.VBS;.VBE;.JS;.JSE;.WSF;.WSH;.MSC'
    'WINDIR' => 'C:\\windows'
    'SERVER_SIGNATURE' => '<address>Apache/2.4.10 (Win32) OpenSSL/1.0.1i PHP/5.5.15 Server at order.irwinstockfeeds.com.au Port 80</address>
'
    'SERVER_SOFTWARE' => 'Apache/2.4.10 (Win32) OpenSSL/1.0.1i PHP/5.5.15'
    'SERVER_NAME' => 'order.irwinstockfeeds.com.au'
    'SERVER_ADDR' => '127.0.0.1'
    'SERVER_PORT' => '80'
    'REMOTE_ADDR' => '127.0.0.1'
    'DOCUMENT_ROOT' => 'C:/xampp-projects/OnlineOrdering'
    'REQUEST_SCHEME' => 'http'
    'CONTEXT_PREFIX' => ''
    'CONTEXT_DOCUMENT_ROOT' => 'C:/xampp-projects/OnlineOrdering'
    'SERVER_ADMIN' => 'postmaster@localhost'
    'SCRIPT_FILENAME' => 'C:/xampp-projects/OnlineOrdering/index.php'
    'REMOTE_PORT' => '58350'
    'REDIRECT_URL' => '/browserconfig.xml'
    'GATEWAY_INTERFACE' => 'CGI/1.1'
    'SERVER_PROTOCOL' => 'HTTP/1.1'
    'REQUEST_METHOD' => 'GET'
    'QUERY_STRING' => ''
    'REQUEST_URI' => '/browserconfig.xml'
    'SCRIPT_NAME' => '/index.php'
    'PHP_SELF' => '/index.php'
    'REQUEST_TIME_FLOAT' => 1433564526.003
    'REQUEST_TIME' => 1433564526
]
2015-06-06 14:47:47 [127.0.0.1][1][-][error][yii\web\HttpException:404] exception 'yii\base\InvalidRouteException' with message 'Unable to resolve the request "admin".' in C:\xampp-projects\OnlineOrdering\_protected\vendor\yiisoft\yii2\base\Module.php:461
Stack trace:
#0 C:\xampp-projects\OnlineOrdering\_protected\vendor\yiisoft\yii2\web\Application.php(84): yii\base\Module->runAction('admin', Array)
#1 C:\xampp-projects\OnlineOrdering\_protected\vendor\yiisoft\yii2\base\Application.php(375): yii\web\Application->handleRequest(Object(yii\web\Request))
#2 C:\xampp-projects\OnlineOrdering\index.php(12): yii\base\Application->run()
#3 {main}

Next exception 'yii\web\NotFoundHttpException' with message 'Page not found.' in C:\xampp-projects\OnlineOrdering\_protected\vendor\yiisoft\yii2\web\Application.php:96
Stack trace:
#0 C:\xampp-projects\OnlineOrdering\_protected\vendor\yiisoft\yii2\base\Application.php(375): yii\web\Application->handleRequest(Object(yii\web\Request))
#1 C:\xampp-projects\OnlineOrdering\index.php(12): yii\base\Application->run()
#2 {main}
2015-06-06 14:47:47 [127.0.0.1][1][-][info][application] $_COOKIE = [
    'PHPSESSID' => '7tpcp9lbr1tpb0tm2jec13la57'
    '_csrf' => '60325716d8de8aa1e2ce6fc309371059d42166645528e48cea1d5ace8e4dcc7ba:2:{i:0;s:5:\"_csrf\";i:1;s:32:\"9KP7bppW3hUxw8hJU4goz6C5OoFxtLlX\";}'
]

$_SESSION = [
    '__flash' => []
    '__id' => 1
]

$_SERVER = [
    'REDIRECT_MIBDIRS' => 'C:/xampp/php/extras/mibs'
    'REDIRECT_MYSQL_HOME' => '\\xampp\\mysql\\bin'
    'REDIRECT_OPENSSL_CONF' => 'C:/xampp/apache/bin/openssl.cnf'
    'REDIRECT_PHP_PEAR_SYSCONF_DIR' => '\\xampp\\php'
    'REDIRECT_PHPRC' => '\\xampp\\php'
    'REDIRECT_TMP' => '\\xampp\\tmp'
    'REDIRECT_STATUS' => '200'
    'MIBDIRS' => 'C:/xampp/php/extras/mibs'
    'MYSQL_HOME' => '\\xampp\\mysql\\bin'
    'OPENSSL_CONF' => 'C:/xampp/apache/bin/openssl.cnf'
    'PHP_PEAR_SYSCONF_DIR' => '\\xampp\\php'
    'PHPRC' => '\\xampp\\php'
    'TMP' => '\\xampp\\tmp'
    'HTTP_ACCEPT' => 'text/html, application/xhtml+xml, */*'
    'HTTP_ACCEPT_LANGUAGE' => 'en-AU'
    'HTTP_USER_AGENT' => 'Mozilla/5.0 (Windows NT 6.3; WOW64; Trident/7.0; Touch; rv:11.0) like Gecko'
    'HTTP_ACCEPT_ENCODING' => 'gzip, deflate'
    'HTTP_HOST' => 'order.irwinstockfeeds.com.au'
    'HTTP_DNT' => '1'
    'HTTP_CONNECTION' => 'Keep-Alive'
    'HTTP_COOKIE' => 'PHPSESSID=7tpcp9lbr1tpb0tm2jec13la57; _csrf=60325716d8de8aa1e2ce6fc309371059d42166645528e48cea1d5ace8e4dcc7ba%3A2%3A%7Bi%3A0%3Bs%3A5%3A%22_csrf%22%3Bi%3A1%3Bs%3A32%3A%229KP7bppW3hUxw8hJU4goz6C5OoFxtLlX%22%3B%7D'
    'PATH' => 'C:\\ProgramData\\Oracle\\Java\\javapath;C:\\windows\\system32;C:\\windows;C:\\windows\\System32\\Wbem;C:\\windows\\System32\\WindowsPowerShell\\v1.0\\;C:\\xampp\\php;C:\\ProgramData\\ComposerSetup\\bin'
    'SystemRoot' => 'C:\\windows'
    'COMSPEC' => 'C:\\windows\\system32\\cmd.exe'
    'PATHEXT' => '.COM;.EXE;.BAT;.CMD;.VBS;.VBE;.JS;.JSE;.WSF;.WSH;.MSC'
    'WINDIR' => 'C:\\windows'
    'SERVER_SIGNATURE' => '<address>Apache/2.4.10 (Win32) OpenSSL/1.0.1i PHP/5.5.15 Server at order.irwinstockfeeds.com.au Port 80</address>
'
    'SERVER_SOFTWARE' => 'Apache/2.4.10 (Win32) OpenSSL/1.0.1i PHP/5.5.15'
    'SERVER_NAME' => 'order.irwinstockfeeds.com.au'
    'SERVER_ADDR' => '127.0.0.1'
    'SERVER_PORT' => '80'
    'REMOTE_ADDR' => '127.0.0.1'
    'DOCUMENT_ROOT' => 'C:/xampp-projects/OnlineOrdering'
    'REQUEST_SCHEME' => 'http'
    'CONTEXT_PREFIX' => ''
    'CONTEXT_DOCUMENT_ROOT' => 'C:/xampp-projects/OnlineOrdering'
    'SERVER_ADMIN' => 'postmaster@localhost'
    'SCRIPT_FILENAME' => 'C:/xampp-projects/OnlineOrdering/index.php'
    'REMOTE_PORT' => '59110'
    'REDIRECT_URL' => '/admin'
    'GATEWAY_INTERFACE' => 'CGI/1.1'
    'SERVER_PROTOCOL' => 'HTTP/1.1'
    'REQUEST_METHOD' => 'GET'
    'QUERY_STRING' => ''
    'REQUEST_URI' => '/admin'
    'SCRIPT_NAME' => '/index.php'
    'PHP_SELF' => '/index.php'
    'REQUEST_TIME_FLOAT' => 1433566066.446
    'REQUEST_TIME' => 1433566066
]
2015-06-06 15:06:05 [127.0.0.1][1][-][error][yii\web\HttpException:403] exception 'yii\web\ForbiddenHttpException' with message 'You are not allowed to perform this action.' in C:\xampp-projects\OnlineOrdering\_protected\vendor\mdmsoft\yii2-admin\components\AccessControl.php:96
Stack trace:
#0 C:\xampp-projects\OnlineOrdering\_protected\vendor\mdmsoft\yii2-admin\components\AccessControl.php(81): mdm\admin\components\AccessControl->denyAccess(Object(yii\web\User))
#1 C:\xampp-projects\OnlineOrdering\_protected\vendor\yiisoft\yii2\base\ActionFilter.php(71): mdm\admin\components\AccessControl->beforeAction(Object(yii\base\InlineAction))
#2 [internal function]: yii\base\ActionFilter->beforeFilter(Object(yii\base\ActionEvent))
#3 C:\xampp-projects\OnlineOrdering\_protected\vendor\yiisoft\yii2\base\Component.php(541): call_user_func(Array, Object(yii\base\ActionEvent))
#4 C:\xampp-projects\OnlineOrdering\_protected\vendor\yiisoft\yii2\base\Module.php(607): yii\base\Component->trigger('beforeAction', Object(yii\base\ActionEvent))
#5 C:\xampp-projects\OnlineOrdering\_protected\vendor\yiisoft\yii2\base\Controller.php(139): yii\base\Module->beforeAction(Object(yii\base\InlineAction))
#6 C:\xampp-projects\OnlineOrdering\_protected\vendor\yiisoft\yii2\base\Module.php(455): yii\base\Controller->runAction('', Array)
#7 C:\xampp-projects\OnlineOrdering\_protected\vendor\yiisoft\yii2\web\Application.php(84): yii\base\Module->runAction('', Array)
#8 C:\xampp-projects\OnlineOrdering\_protected\vendor\yiisoft\yii2\base\Application.php(375): yii\web\Application->handleRequest(Object(yii\web\Request))
#9 C:\xampp-projects\OnlineOrdering\index.php(12): yii\base\Application->run()
#10 {main}
2015-06-06 15:06:05 [127.0.0.1][1][-][info][application] $_GET = [
    'r' => 'admin'
]

$_COOKIE = [
    'PHPSESSID' => '7tpcp9lbr1tpb0tm2jec13la57'
    '_csrf' => '60325716d8de8aa1e2ce6fc309371059d42166645528e48cea1d5ace8e4dcc7ba:2:{i:0;s:5:\"_csrf\";i:1;s:32:\"9KP7bppW3hUxw8hJU4goz6C5OoFxtLlX\";}'
]

$_SESSION = [
    '__flash' => []
    '__id' => 1
]

$_SERVER = [
    'MIBDIRS' => 'C:/xampp/php/extras/mibs'
    'MYSQL_HOME' => '\\xampp\\mysql\\bin'
    'OPENSSL_CONF' => 'C:/xampp/apache/bin/openssl.cnf'
    'PHP_PEAR_SYSCONF_DIR' => '\\xampp\\php'
    'PHPRC' => '\\xampp\\php'
    'TMP' => '\\xampp\\tmp'
    'HTTP_ACCEPT' => 'text/html, application/xhtml+xml, */*'
    'HTTP_ACCEPT_LANGUAGE' => 'en-AU'
    'HTTP_USER_AGENT' => 'Mozilla/5.0 (Windows NT 6.3; WOW64; Trident/7.0; Touch; rv:11.0) like Gecko'
    'HTTP_ACCEPT_ENCODING' => 'gzip, deflate'
    'HTTP_HOST' => 'order.irwinstockfeeds.com.au'
    'HTTP_DNT' => '1'
    'HTTP_CONNECTION' => 'Keep-Alive'
    'HTTP_COOKIE' => 'PHPSESSID=7tpcp9lbr1tpb0tm2jec13la57; _csrf=60325716d8de8aa1e2ce6fc309371059d42166645528e48cea1d5ace8e4dcc7ba%3A2%3A%7Bi%3A0%3Bs%3A5%3A%22_csrf%22%3Bi%3A1%3Bs%3A32%3A%229KP7bppW3hUxw8hJU4goz6C5OoFxtLlX%22%3B%7D'
    'PATH' => 'C:\\ProgramData\\Oracle\\Java\\javapath;C:\\windows\\system32;C:\\windows;C:\\windows\\System32\\Wbem;C:\\windows\\System32\\WindowsPowerShell\\v1.0\\;C:\\xampp\\php;C:\\ProgramData\\ComposerSetup\\bin'
    'SystemRoot' => 'C:\\windows'
    'COMSPEC' => 'C:\\windows\\system32\\cmd.exe'
    'PATHEXT' => '.COM;.EXE;.BAT;.CMD;.VBS;.VBE;.JS;.JSE;.WSF;.WSH;.MSC'
    'WINDIR' => 'C:\\windows'
    'SERVER_SIGNATURE' => '<address>Apache/2.4.10 (Win32) OpenSSL/1.0.1i PHP/5.5.15 Server at order.irwinstockfeeds.com.au Port 80</address>
'
    'SERVER_SOFTWARE' => 'Apache/2.4.10 (Win32) OpenSSL/1.0.1i PHP/5.5.15'
    'SERVER_NAME' => 'order.irwinstockfeeds.com.au'
    'SERVER_ADDR' => '127.0.0.1'
    'SERVER_PORT' => '80'
    'REMOTE_ADDR' => '127.0.0.1'
    'DOCUMENT_ROOT' => 'C:/xampp-projects/OnlineOrdering'
    'REQUEST_SCHEME' => 'http'
    'CONTEXT_PREFIX' => ''
    'CONTEXT_DOCUMENT_ROOT' => 'C:/xampp-projects/OnlineOrdering'
    'SERVER_ADMIN' => 'postmaster@localhost'
    'SCRIPT_FILENAME' => 'C:/xampp-projects/OnlineOrdering/index.php'
    'REMOTE_PORT' => '59461'
    'GATEWAY_INTERFACE' => 'CGI/1.1'
    'SERVER_PROTOCOL' => 'HTTP/1.1'
    'REQUEST_METHOD' => 'GET'
    'QUERY_STRING' => 'r=admin'
    'REQUEST_URI' => '/index.php?r=admin'
    'SCRIPT_NAME' => '/index.php'
    'PHP_SELF' => '/index.php'
    'REQUEST_TIME_FLOAT' => 1433567164.057
    'REQUEST_TIME' => 1433567164
]
2015-06-06 15:06:07 [127.0.0.1][1][-][error][yii\web\HttpException:403] exception 'yii\web\ForbiddenHttpException' with message 'You are not allowed to perform this action.' in C:\xampp-projects\OnlineOrdering\_protected\vendor\mdmsoft\yii2-admin\components\AccessControl.php:96
Stack trace:
#0 C:\xampp-projects\OnlineOrdering\_protected\vendor\mdmsoft\yii2-admin\components\AccessControl.php(81): mdm\admin\components\AccessControl->denyAccess(Object(yii\web\User))
#1 C:\xampp-projects\OnlineOrdering\_protected\vendor\yiisoft\yii2\base\ActionFilter.php(71): mdm\admin\components\AccessControl->beforeAction(Object(yii\base\InlineAction))
#2 [internal function]: yii\base\ActionFilter->beforeFilter(Object(yii\base\ActionEvent))
#3 C:\xampp-projects\OnlineOrdering\_protected\vendor\yiisoft\yii2\base\Component.php(541): call_user_func(Array, Object(yii\base\ActionEvent))
#4 C:\xampp-projects\OnlineOrdering\_protected\vendor\yiisoft\yii2\base\Module.php(607): yii\base\Component->trigger('beforeAction', Object(yii\base\ActionEvent))
#5 C:\xampp-projects\OnlineOrdering\_protected\vendor\yiisoft\yii2\base\Controller.php(139): yii\base\Module->beforeAction(Object(yii\base\InlineAction))
#6 C:\xampp-projects\OnlineOrdering\_protected\vendor\yiisoft\yii2\base\Module.php(455): yii\base\Controller->runAction('toolbar', Array)
#7 C:\xampp-projects\OnlineOrdering\_protected\vendor\yiisoft\yii2\web\Application.php(84): yii\base\Module->runAction('debug/default/t...', Array)
#8 C:\xampp-projects\OnlineOrdering\_protected\vendor\yiisoft\yii2\base\Application.php(375): yii\web\Application->handleRequest(Object(yii\web\Request))
#9 C:\xampp-projects\OnlineOrdering\index.php(12): yii\base\Application->run()
#10 {main}
2015-06-06 15:06:06 [127.0.0.1][1][-][info][application] $_GET = [
    'tag' => '55727fbd1da8c'
]

$_COOKIE = [
    'PHPSESSID' => '7tpcp9lbr1tpb0tm2jec13la57'
    '_csrf' => '60325716d8de8aa1e2ce6fc309371059d42166645528e48cea1d5ace8e4dcc7ba:2:{i:0;s:5:\"_csrf\";i:1;s:32:\"9KP7bppW3hUxw8hJU4goz6C5OoFxtLlX\";}'
]

$_SESSION = [
    '__flash' => []
    '__id' => 1
]

$_SERVER = [
    'REDIRECT_MIBDIRS' => 'C:/xampp/php/extras/mibs'
    'REDIRECT_MYSQL_HOME' => '\\xampp\\mysql\\bin'
    'REDIRECT_OPENSSL_CONF' => 'C:/xampp/apache/bin/openssl.cnf'
    'REDIRECT_PHP_PEAR_SYSCONF_DIR' => '\\xampp\\php'
    'REDIRECT_PHPRC' => '\\xampp\\php'
    'REDIRECT_TMP' => '\\xampp\\tmp'
    'REDIRECT_STATUS' => '200'
    'MIBDIRS' => 'C:/xampp/php/extras/mibs'
    'MYSQL_HOME' => '\\xampp\\mysql\\bin'
    'OPENSSL_CONF' => 'C:/xampp/apache/bin/openssl.cnf'
    'PHP_PEAR_SYSCONF_DIR' => '\\xampp\\php'
    'PHPRC' => '\\xampp\\php'
    'TMP' => '\\xampp\\tmp'
    'HTTP_ACCEPT' => 'text/html'
    'HTTP_X_REQUESTED_WITH' => 'XMLHttpRequest'
    'HTTP_REFERER' => 'http://order.irwinstockfeeds.com.au/index.php?r=admin'
    'HTTP_ACCEPT_LANGUAGE' => 'en-AU'
    'HTTP_ACCEPT_ENCODING' => 'gzip, deflate'
    'HTTP_USER_AGENT' => 'Mozilla/5.0 (Windows NT 6.3; WOW64; Trident/7.0; Touch; rv:11.0) like Gecko'
    'HTTP_HOST' => 'order.irwinstockfeeds.com.au'
    'HTTP_DNT' => '1'
    'HTTP_CONNECTION' => 'Keep-Alive'
    'HTTP_COOKIE' => 'PHPSESSID=7tpcp9lbr1tpb0tm2jec13la57; _csrf=60325716d8de8aa1e2ce6fc309371059d42166645528e48cea1d5ace8e4dcc7ba%3A2%3A%7Bi%3A0%3Bs%3A5%3A%22_csrf%22%3Bi%3A1%3Bs%3A32%3A%229KP7bppW3hUxw8hJU4goz6C5OoFxtLlX%22%3B%7D'
    'PATH' => 'C:\\ProgramData\\Oracle\\Java\\javapath;C:\\windows\\system32;C:\\windows;C:\\windows\\System32\\Wbem;C:\\windows\\System32\\WindowsPowerShell\\v1.0\\;C:\\xampp\\php;C:\\ProgramData\\ComposerSetup\\bin'
    'SystemRoot' => 'C:\\windows'
    'COMSPEC' => 'C:\\windows\\system32\\cmd.exe'
    'PATHEXT' => '.COM;.EXE;.BAT;.CMD;.VBS;.VBE;.JS;.JSE;.WSF;.WSH;.MSC'
    'WINDIR' => 'C:\\windows'
    'SERVER_SIGNATURE' => '<address>Apache/2.4.10 (Win32) OpenSSL/1.0.1i PHP/5.5.15 Server at order.irwinstockfeeds.com.au Port 80</address>
'
    'SERVER_SOFTWARE' => 'Apache/2.4.10 (Win32) OpenSSL/1.0.1i PHP/5.5.15'
    'SERVER_NAME' => 'order.irwinstockfeeds.com.au'
    'SERVER_ADDR' => '127.0.0.1'
    'SERVER_PORT' => '80'
    'REMOTE_ADDR' => '127.0.0.1'
    'DOCUMENT_ROOT' => 'C:/xampp-projects/OnlineOrdering'
    'REQUEST_SCHEME' => 'http'
    'CONTEXT_PREFIX' => ''
    'CONTEXT_DOCUMENT_ROOT' => 'C:/xampp-projects/OnlineOrdering'
    'SERVER_ADMIN' => 'postmaster@localhost'
    'SCRIPT_FILENAME' => 'C:/xampp-projects/OnlineOrdering/index.php'
    'REMOTE_PORT' => '59461'
    'REDIRECT_QUERY_STRING' => 'tag=55727fbd1da8c'
    'REDIRECT_URL' => '/debug/default/toolbar'
    'GATEWAY_INTERFACE' => 'CGI/1.1'
    'SERVER_PROTOCOL' => 'HTTP/1.1'
    'REQUEST_METHOD' => 'GET'
    'QUERY_STRING' => 'tag=55727fbd1da8c'
    'REQUEST_URI' => '/debug/default/toolbar?tag=55727fbd1da8c'
    'SCRIPT_NAME' => '/index.php'
    'PHP_SELF' => '/index.php'
    'REQUEST_TIME_FLOAT' => 1433567165.831
    'REQUEST_TIME' => 1433567165
]
2015-06-06 15:06:15 [127.0.0.1][1][-][error][yii\web\HttpException:403] exception 'yii\web\ForbiddenHttpException' with message 'You are not allowed to perform this action.' in C:\xampp-projects\OnlineOrdering\_protected\vendor\mdmsoft\yii2-admin\components\AccessControl.php:96
Stack trace:
#0 C:\xampp-projects\OnlineOrdering\_protected\vendor\mdmsoft\yii2-admin\components\AccessControl.php(81): mdm\admin\components\AccessControl->denyAccess(Object(yii\web\User))
#1 C:\xampp-projects\OnlineOrdering\_protected\vendor\yiisoft\yii2\base\ActionFilter.php(71): mdm\admin\components\AccessControl->beforeAction(Object(yii\base\InlineAction))
#2 [internal function]: yii\base\ActionFilter->beforeFilter(Object(yii\base\ActionEvent))
#3 C:\xampp-projects\OnlineOrdering\_protected\vendor\yiisoft\yii2\base\Component.php(541): call_user_func(Array, Object(yii\base\ActionEvent))
#4 C:\xampp-projects\OnlineOrdering\_protected\vendor\yiisoft\yii2\base\Module.php(607): yii\base\Component->trigger('beforeAction', Object(yii\base\ActionEvent))
#5 C:\xampp-projects\OnlineOrdering\_protected\vendor\yiisoft\yii2\base\Controller.php(139): yii\base\Module->beforeAction(Object(yii\base\InlineAction))
#6 C:\xampp-projects\OnlineOrdering\_protected\vendor\yiisoft\yii2\base\Module.php(455): yii\base\Controller->runAction('toolbar', Array)
#7 C:\xampp-projects\OnlineOrdering\_protected\vendor\yiisoft\yii2\web\Application.php(84): yii\base\Module->runAction('debug/default/t...', Array)
#8 C:\xampp-projects\OnlineOrdering\_protected\vendor\yiisoft\yii2\base\Application.php(375): yii\web\Application->handleRequest(Object(yii\web\Request))
#9 C:\xampp-projects\OnlineOrdering\index.php(12): yii\base\Application->run()
#10 {main}
2015-06-06 15:06:15 [127.0.0.1][1][-][info][application] $_GET = [
    'tag' => '55727fc5c3a39'
]

$_COOKIE = [
    'PHPSESSID' => '7tpcp9lbr1tpb0tm2jec13la57'
    '_csrf' => '60325716d8de8aa1e2ce6fc309371059d42166645528e48cea1d5ace8e4dcc7ba:2:{i:0;s:5:\"_csrf\";i:1;s:32:\"9KP7bppW3hUxw8hJU4goz6C5OoFxtLlX\";}'
]

$_SESSION = [
    '__flash' => []
    '__id' => 1
]

$_SERVER = [
    'REDIRECT_MIBDIRS' => 'C:/xampp/php/extras/mibs'
    'REDIRECT_MYSQL_HOME' => '\\xampp\\mysql\\bin'
    'REDIRECT_OPENSSL_CONF' => 'C:/xampp/apache/bin/openssl.cnf'
    'REDIRECT_PHP_PEAR_SYSCONF_DIR' => '\\xampp\\php'
    'REDIRECT_PHPRC' => '\\xampp\\php'
    'REDIRECT_TMP' => '\\xampp\\tmp'
    'REDIRECT_STATUS' => '200'
    'MIBDIRS' => 'C:/xampp/php/extras/mibs'
    'MYSQL_HOME' => '\\xampp\\mysql\\bin'
    'OPENSSL_CONF' => 'C:/xampp/apache/bin/openssl.cnf'
    'PHP_PEAR_SYSCONF_DIR' => '\\xampp\\php'
    'PHPRC' => '\\xampp\\php'
    'TMP' => '\\xampp\\tmp'
    'HTTP_ACCEPT' => 'text/html'
    'HTTP_X_REQUESTED_WITH' => 'XMLHttpRequest'
    'HTTP_REFERER' => 'http://order.irwinstockfeeds.com.au/admin'
    'HTTP_ACCEPT_LANGUAGE' => 'en-AU'
    'HTTP_ACCEPT_ENCODING' => 'gzip, deflate'
    'HTTP_USER_AGENT' => 'Mozilla/5.0 (Windows NT 6.3; WOW64; Trident/7.0; Touch; rv:11.0) like Gecko'
    'HTTP_HOST' => 'order.irwinstockfeeds.com.au'
    'HTTP_DNT' => '1'
    'HTTP_CONNECTION' => 'Keep-Alive'
    'HTTP_COOKIE' => 'PHPSESSID=7tpcp9lbr1tpb0tm2jec13la57; _csrf=60325716d8de8aa1e2ce6fc309371059d42166645528e48cea1d5ace8e4dcc7ba%3A2%3A%7Bi%3A0%3Bs%3A5%3A%22_csrf%22%3Bi%3A1%3Bs%3A32%3A%229KP7bppW3hUxw8hJU4goz6C5OoFxtLlX%22%3B%7D'
    'PATH' => 'C:\\ProgramData\\Oracle\\Java\\javapath;C:\\windows\\system32;C:\\windows;C:\\windows\\System32\\Wbem;C:\\windows\\System32\\WindowsPowerShell\\v1.0\\;C:\\xampp\\php;C:\\ProgramData\\ComposerSetup\\bin'
    'SystemRoot' => 'C:\\windows'
    'COMSPEC' => 'C:\\windows\\system32\\cmd.exe'
    'PATHEXT' => '.COM;.EXE;.BAT;.CMD;.VBS;.VBE;.JS;.JSE;.WSF;.WSH;.MSC'
    'WINDIR' => 'C:\\windows'
    'SERVER_SIGNATURE' => '<address>Apache/2.4.10 (Win32) OpenSSL/1.0.1i PHP/5.5.15 Server at order.irwinstockfeeds.com.au Port 80</address>
'
    'SERVER_SOFTWARE' => 'Apache/2.4.10 (Win32) OpenSSL/1.0.1i PHP/5.5.15'
    'SERVER_NAME' => 'order.irwinstockfeeds.com.au'
    'SERVER_ADDR' => '127.0.0.1'
    'SERVER_PORT' => '80'
    'REMOTE_ADDR' => '127.0.0.1'
    'DOCUMENT_ROOT' => 'C:/xampp-projects/OnlineOrdering'
    'REQUEST_SCHEME' => 'http'
    'CONTEXT_PREFIX' => ''
    'CONTEXT_DOCUMENT_ROOT' => 'C:/xampp-projects/OnlineOrdering'
    'SERVER_ADMIN' => 'postmaster@localhost'
    'SCRIPT_FILENAME' => 'C:/xampp-projects/OnlineOrdering/index.php'
    'REMOTE_PORT' => '59479'
    'REDIRECT_QUERY_STRING' => 'tag=55727fc5c3a39'
    'REDIRECT_URL' => '/debug/default/toolbar'
    'GATEWAY_INTERFACE' => 'CGI/1.1'
    'SERVER_PROTOCOL' => 'HTTP/1.1'
    'REQUEST_METHOD' => 'GET'
    'QUERY_STRING' => 'tag=55727fc5c3a39'
    'REQUEST_URI' => '/debug/default/toolbar?tag=55727fc5c3a39'
    'SCRIPT_NAME' => '/index.php'
    'PHP_SELF' => '/index.php'
    'REQUEST_TIME_FLOAT' => 1433567173.999
    'REQUEST_TIME' => 1433567173
]
2015-06-06 15:06:23 [127.0.0.1][1][-][error][yii\web\HttpException:403] exception 'yii\web\ForbiddenHttpException' with message 'You are not allowed to perform this action.' in C:\xampp-projects\OnlineOrdering\_protected\vendor\mdmsoft\yii2-admin\components\AccessControl.php:96
Stack trace:
#0 C:\xampp-projects\OnlineOrdering\_protected\vendor\mdmsoft\yii2-admin\components\AccessControl.php(81): mdm\admin\components\AccessControl->denyAccess(Object(yii\web\User))
#1 C:\xampp-projects\OnlineOrdering\_protected\vendor\yiisoft\yii2\base\ActionFilter.php(71): mdm\admin\components\AccessControl->beforeAction(Object(yii\base\InlineAction))
#2 [internal function]: yii\base\ActionFilter->beforeFilter(Object(yii\base\ActionEvent))
#3 C:\xampp-projects\OnlineOrdering\_protected\vendor\yiisoft\yii2\base\Component.php(541): call_user_func(Array, Object(yii\base\ActionEvent))
#4 C:\xampp-projects\OnlineOrdering\_protected\vendor\yiisoft\yii2\base\Module.php(607): yii\base\Component->trigger('beforeAction', Object(yii\base\ActionEvent))
#5 C:\xampp-projects\OnlineOrdering\_protected\vendor\yiisoft\yii2\base\Controller.php(139): yii\base\Module->beforeAction(Object(yii\base\InlineAction))
#6 C:\xampp-projects\OnlineOrdering\_protected\vendor\yiisoft\yii2\base\Module.php(455): yii\base\Controller->runAction('toolbar', Array)
#7 C:\xampp-projects\OnlineOrdering\_protected\vendor\yiisoft\yii2\web\Application.php(84): yii\base\Module->runAction('debug/default/t...', Array)
#8 C:\xampp-projects\OnlineOrdering\_protected\vendor\yiisoft\yii2\base\Application.php(375): yii\web\Application->handleRequest(Object(yii\web\Request))
#9 C:\xampp-projects\OnlineOrdering\index.php(12): yii\base\Application->run()
#10 {main}
2015-06-06 15:06:22 [127.0.0.1][1][-][info][application] $_GET = [
    'tag' => '55727fcdc0441'
]

$_COOKIE = [
    'PHPSESSID' => '7tpcp9lbr1tpb0tm2jec13la57'
    '_csrf' => '60325716d8de8aa1e2ce6fc309371059d42166645528e48cea1d5ace8e4dcc7ba:2:{i:0;s:5:\"_csrf\";i:1;s:32:\"9KP7bppW3hUxw8hJU4goz6C5OoFxtLlX\";}'
]

$_SESSION = [
    '__flash' => []
    '__id' => 1
]

$_SERVER = [
    'REDIRECT_MIBDIRS' => 'C:/xampp/php/extras/mibs'
    'REDIRECT_MYSQL_HOME' => '\\xampp\\mysql\\bin'
    'REDIRECT_OPENSSL_CONF' => 'C:/xampp/apache/bin/openssl.cnf'
    'REDIRECT_PHP_PEAR_SYSCONF_DIR' => '\\xampp\\php'
    'REDIRECT_PHPRC' => '\\xampp\\php'
    'REDIRECT_TMP' => '\\xampp\\tmp'
    'REDIRECT_STATUS' => '200'
    'MIBDIRS' => 'C:/xampp/php/extras/mibs'
    'MYSQL_HOME' => '\\xampp\\mysql\\bin'
    'OPENSSL_CONF' => 'C:/xampp/apache/bin/openssl.cnf'
    'PHP_PEAR_SYSCONF_DIR' => '\\xampp\\php'
    'PHPRC' => '\\xampp\\php'
    'TMP' => '\\xampp\\tmp'
    'HTTP_ACCEPT' => 'text/html'
    'HTTP_X_REQUESTED_WITH' => 'XMLHttpRequest'
    'HTTP_REFERER' => 'http://order.irwinstockfeeds.com.au/admin/assignment/view?id=1'
    'HTTP_ACCEPT_LANGUAGE' => 'en-AU'
    'HTTP_ACCEPT_ENCODING' => 'gzip, deflate'
    'HTTP_USER_AGENT' => 'Mozilla/5.0 (Windows NT 6.3; WOW64; Trident/7.0; Touch; rv:11.0) like Gecko'
    'HTTP_HOST' => 'order.irwinstockfeeds.com.au'
    'HTTP_DNT' => '1'
    'HTTP_CONNECTION' => 'Keep-Alive'
    'HTTP_COOKIE' => 'PHPSESSID=7tpcp9lbr1tpb0tm2jec13la57; _csrf=60325716d8de8aa1e2ce6fc309371059d42166645528e48cea1d5ace8e4dcc7ba%3A2%3A%7Bi%3A0%3Bs%3A5%3A%22_csrf%22%3Bi%3A1%3Bs%3A32%3A%229KP7bppW3hUxw8hJU4goz6C5OoFxtLlX%22%3B%7D'
    'PATH' => 'C:\\ProgramData\\Oracle\\Java\\javapath;C:\\windows\\system32;C:\\windows;C:\\windows\\System32\\Wbem;C:\\windows\\System32\\WindowsPowerShell\\v1.0\\;C:\\xampp\\php;C:\\ProgramData\\ComposerSetup\\bin'
    'SystemRoot' => 'C:\\windows'
    'COMSPEC' => 'C:\\windows\\system32\\cmd.exe'
    'PATHEXT' => '.COM;.EXE;.BAT;.CMD;.VBS;.VBE;.JS;.JSE;.WSF;.WSH;.MSC'
    'WINDIR' => 'C:\\windows'
    'SERVER_SIGNATURE' => '<address>Apache/2.4.10 (Win32) OpenSSL/1.0.1i PHP/5.5.15 Server at order.irwinstockfeeds.com.au Port 80</address>
'
    'SERVER_SOFTWARE' => 'Apache/2.4.10 (Win32) OpenSSL/1.0.1i PHP/5.5.15'
    'SERVER_NAME' => 'order.irwinstockfeeds.com.au'
    'SERVER_ADDR' => '127.0.0.1'
    'SERVER_PORT' => '80'
    'REMOTE_ADDR' => '127.0.0.1'
    'DOCUMENT_ROOT' => 'C:/xampp-projects/OnlineOrdering'
    'REQUEST_SCHEME' => 'http'
    'CONTEXT_PREFIX' => ''
    'CONTEXT_DOCUMENT_ROOT' => 'C:/xampp-projects/OnlineOrdering'
    'SERVER_ADMIN' => 'postmaster@localhost'
    'SCRIPT_FILENAME' => 'C:/xampp-projects/OnlineOrdering/index.php'
    'REMOTE_PORT' => '59488'
    'REDIRECT_QUERY_STRING' => 'tag=55727fcdc0441'
    'REDIRECT_URL' => '/debug/default/toolbar'
    'GATEWAY_INTERFACE' => 'CGI/1.1'
    'SERVER_PROTOCOL' => 'HTTP/1.1'
    'REQUEST_METHOD' => 'GET'
    'QUERY_STRING' => 'tag=55727fcdc0441'
    'REQUEST_URI' => '/debug/default/toolbar?tag=55727fcdc0441'
    'SCRIPT_NAME' => '/index.php'
    'PHP_SELF' => '/index.php'
    'REQUEST_TIME_FLOAT' => 1433567181.947
    'REQUEST_TIME' => 1433567181
]
2015-06-06 15:06:27 [127.0.0.1][1][-][error][yii\web\HttpException:403] exception 'yii\web\ForbiddenHttpException' with message 'You are not allowed to perform this action.' in C:\xampp-projects\OnlineOrdering\_protected\vendor\mdmsoft\yii2-admin\components\AccessControl.php:96
Stack trace:
#0 C:\xampp-projects\OnlineOrdering\_protected\vendor\mdmsoft\yii2-admin\components\AccessControl.php(81): mdm\admin\components\AccessControl->denyAccess(Object(yii\web\User))
#1 C:\xampp-projects\OnlineOrdering\_protected\vendor\yiisoft\yii2\base\ActionFilter.php(71): mdm\admin\components\AccessControl->beforeAction(Object(yii\base\InlineAction))
#2 [internal function]: yii\base\ActionFilter->beforeFilter(Object(yii\base\ActionEvent))
#3 C:\xampp-projects\OnlineOrdering\_protected\vendor\yiisoft\yii2\base\Component.php(541): call_user_func(Array, Object(yii\base\ActionEvent))
#4 C:\xampp-projects\OnlineOrdering\_protected\vendor\yiisoft\yii2\base\Module.php(607): yii\base\Component->trigger('beforeAction', Object(yii\base\ActionEvent))
#5 C:\xampp-projects\OnlineOrdering\_protected\vendor\yiisoft\yii2\base\Controller.php(139): yii\base\Module->beforeAction(Object(yii\base\InlineAction))
#6 C:\xampp-projects\OnlineOrdering\_protected\vendor\yiisoft\yii2\base\Module.php(455): yii\base\Controller->runAction('', Array)
#7 C:\xampp-projects\OnlineOrdering\_protected\vendor\yiisoft\yii2\web\Application.php(84): yii\base\Module->runAction('', Array)
#8 C:\xampp-projects\OnlineOrdering\_protected\vendor\yiisoft\yii2\base\Application.php(375): yii\web\Application->handleRequest(Object(yii\web\Request))
#9 C:\xampp-projects\OnlineOrdering\index.php(12): yii\base\Application->run()
#10 {main}
2015-06-06 15:06:27 [127.0.0.1][1][-][info][application] $_COOKIE = [
    'PHPSESSID' => '7tpcp9lbr1tpb0tm2jec13la57'
    '_csrf' => '60325716d8de8aa1e2ce6fc309371059d42166645528e48cea1d5ace8e4dcc7ba:2:{i:0;s:5:\"_csrf\";i:1;s:32:\"9KP7bppW3hUxw8hJU4goz6C5OoFxtLlX\";}'
]

$_SESSION = [
    '__flash' => []
    '__id' => 1
]

$_SERVER = [
    'MIBDIRS' => 'C:/xampp/php/extras/mibs'
    'MYSQL_HOME' => '\\xampp\\mysql\\bin'
    'OPENSSL_CONF' => 'C:/xampp/apache/bin/openssl.cnf'
    'PHP_PEAR_SYSCONF_DIR' => '\\xampp\\php'
    'PHPRC' => '\\xampp\\php'
    'TMP' => '\\xampp\\tmp'
    'HTTP_ACCEPT' => 'text/html, application/xhtml+xml, */*'
    'HTTP_REFERER' => 'http://order.irwinstockfeeds.com.au/admin/assignment/view?id=1'
    'HTTP_ACCEPT_LANGUAGE' => 'en-AU'
    'HTTP_USER_AGENT' => 'Mozilla/5.0 (Windows NT 6.3; WOW64; Trident/7.0; Touch; rv:11.0) like Gecko'
    'HTTP_ACCEPT_ENCODING' => 'gzip, deflate'
    'HTTP_HOST' => 'order.irwinstockfeeds.com.au'
    'HTTP_DNT' => '1'
    'HTTP_CONNECTION' => 'Keep-Alive'
    'HTTP_COOKIE' => 'PHPSESSID=7tpcp9lbr1tpb0tm2jec13la57; _csrf=60325716d8de8aa1e2ce6fc309371059d42166645528e48cea1d5ace8e4dcc7ba%3A2%3A%7Bi%3A0%3Bs%3A5%3A%22_csrf%22%3Bi%3A1%3Bs%3A32%3A%229KP7bppW3hUxw8hJU4goz6C5OoFxtLlX%22%3B%7D'
    'PATH' => 'C:\\ProgramData\\Oracle\\Java\\javapath;C:\\windows\\system32;C:\\windows;C:\\windows\\System32\\Wbem;C:\\windows\\System32\\WindowsPowerShell\\v1.0\\;C:\\xampp\\php;C:\\ProgramData\\ComposerSetup\\bin'
    'SystemRoot' => 'C:\\windows'
    'COMSPEC' => 'C:\\windows\\system32\\cmd.exe'
    'PATHEXT' => '.COM;.EXE;.BAT;.CMD;.VBS;.VBE;.JS;.JSE;.WSF;.WSH;.MSC'
    'WINDIR' => 'C:\\windows'
    'SERVER_SIGNATURE' => '<address>Apache/2.4.10 (Win32) OpenSSL/1.0.1i PHP/5.5.15 Server at order.irwinstockfeeds.com.au Port 80</address>
'
    'SERVER_SOFTWARE' => 'Apache/2.4.10 (Win32) OpenSSL/1.0.1i PHP/5.5.15'
    'SERVER_NAME' => 'order.irwinstockfeeds.com.au'
    'SERVER_ADDR' => '127.0.0.1'
    'SERVER_PORT' => '80'
    'REMOTE_ADDR' => '127.0.0.1'
    'DOCUMENT_ROOT' => 'C:/xampp-projects/OnlineOrdering'
    'REQUEST_SCHEME' => 'http'
    'CONTEXT_PREFIX' => ''
    'CONTEXT_DOCUMENT_ROOT' => 'C:/xampp-projects/OnlineOrdering'
    'SERVER_ADMIN' => 'postmaster@localhost'
    'SCRIPT_FILENAME' => 'C:/xampp-projects/OnlineOrdering/index.php'
    'REMOTE_PORT' => '59488'
    'GATEWAY_INTERFACE' => 'CGI/1.1'
    'SERVER_PROTOCOL' => 'HTTP/1.1'
    'REQUEST_METHOD' => 'GET'
    'QUERY_STRING' => ''
    'REQUEST_URI' => '/'
    'SCRIPT_NAME' => '/index.php'
    'PHP_SELF' => '/index.php'
    'REQUEST_TIME_FLOAT' => 1433567186.772
    'REQUEST_TIME' => 1433567186
]
2015-06-06 15:06:29 [127.0.0.1][1][-][error][yii\web\HttpException:403] exception 'yii\web\ForbiddenHttpException' with message 'You are not allowed to perform this action.' in C:\xampp-projects\OnlineOrdering\_protected\vendor\mdmsoft\yii2-admin\components\AccessControl.php:96
Stack trace:
#0 C:\xampp-projects\OnlineOrdering\_protected\vendor\mdmsoft\yii2-admin\components\AccessControl.php(81): mdm\admin\components\AccessControl->denyAccess(Object(yii\web\User))
#1 C:\xampp-projects\OnlineOrdering\_protected\vendor\yiisoft\yii2\base\ActionFilter.php(71): mdm\admin\components\AccessControl->beforeAction(Object(yii\base\InlineAction))
#2 [internal function]: yii\base\ActionFilter->beforeFilter(Object(yii\base\ActionEvent))
#3 C:\xampp-projects\OnlineOrdering\_protected\vendor\yiisoft\yii2\base\Component.php(541): call_user_func(Array, Object(yii\base\ActionEvent))
#4 C:\xampp-projects\OnlineOrdering\_protected\vendor\yiisoft\yii2\base\Module.php(607): yii\base\Component->trigger('beforeAction', Object(yii\base\ActionEvent))
#5 C:\xampp-projects\OnlineOrdering\_protected\vendor\yiisoft\yii2\base\Controller.php(139): yii\base\Module->beforeAction(Object(yii\base\InlineAction))
#6 C:\xampp-projects\OnlineOrdering\_protected\vendor\yiisoft\yii2\base\Module.php(455): yii\base\Controller->runAction('toolbar', Array)
#7 C:\xampp-projects\OnlineOrdering\_protected\vendor\yiisoft\yii2\web\Application.php(84): yii\base\Module->runAction('debug/default/t...', Array)
#8 C:\xampp-projects\OnlineOrdering\_protected\vendor\yiisoft\yii2\base\Application.php(375): yii\web\Application->handleRequest(Object(yii\web\Request))
#9 C:\xampp-projects\OnlineOrdering\index.php(12): yii\base\Application->run()
#10 {main}
2015-06-06 15:06:29 [127.0.0.1][1][-][info][application] $_GET = [
    'tag' => '55727fd3d64bb'
]

$_COOKIE = [
    'PHPSESSID' => '7tpcp9lbr1tpb0tm2jec13la57'
    '_csrf' => '60325716d8de8aa1e2ce6fc309371059d42166645528e48cea1d5ace8e4dcc7ba:2:{i:0;s:5:\"_csrf\";i:1;s:32:\"9KP7bppW3hUxw8hJU4goz6C5OoFxtLlX\";}'
]

$_SESSION = [
    '__flash' => []
    '__id' => 1
]

$_SERVER = [
    'REDIRECT_MIBDIRS' => 'C:/xampp/php/extras/mibs'
    'REDIRECT_MYSQL_HOME' => '\\xampp\\mysql\\bin'
    'REDIRECT_OPENSSL_CONF' => 'C:/xampp/apache/bin/openssl.cnf'
    'REDIRECT_PHP_PEAR_SYSCONF_DIR' => '\\xampp\\php'
    'REDIRECT_PHPRC' => '\\xampp\\php'
    'REDIRECT_TMP' => '\\xampp\\tmp'
    'REDIRECT_STATUS' => '200'
    'MIBDIRS' => 'C:/xampp/php/extras/mibs'
    'MYSQL_HOME' => '\\xampp\\mysql\\bin'
    'OPENSSL_CONF' => 'C:/xampp/apache/bin/openssl.cnf'
    'PHP_PEAR_SYSCONF_DIR' => '\\xampp\\php'
    'PHPRC' => '\\xampp\\php'
    'TMP' => '\\xampp\\tmp'
    'HTTP_ACCEPT' => 'text/html'
    'HTTP_X_REQUESTED_WITH' => 'XMLHttpRequest'
    'HTTP_REFERER' => 'http://order.irwinstockfeeds.com.au/'
    'HTTP_ACCEPT_LANGUAGE' => 'en-AU'
    'HTTP_ACCEPT_ENCODING' => 'gzip, deflate'
    'HTTP_USER_AGENT' => 'Mozilla/5.0 (Windows NT 6.3; WOW64; Trident/7.0; Touch; rv:11.0) like Gecko'
    'HTTP_HOST' => 'order.irwinstockfeeds.com.au'
    'HTTP_DNT' => '1'
    'HTTP_CONNECTION' => 'Keep-Alive'
    'HTTP_COOKIE' => 'PHPSESSID=7tpcp9lbr1tpb0tm2jec13la57; _csrf=60325716d8de8aa1e2ce6fc309371059d42166645528e48cea1d5ace8e4dcc7ba%3A2%3A%7Bi%3A0%3Bs%3A5%3A%22_csrf%22%3Bi%3A1%3Bs%3A32%3A%229KP7bppW3hUxw8hJU4goz6C5OoFxtLlX%22%3B%7D'
    'PATH' => 'C:\\ProgramData\\Oracle\\Java\\javapath;C:\\windows\\system32;C:\\windows;C:\\windows\\System32\\Wbem;C:\\windows\\System32\\WindowsPowerShell\\v1.0\\;C:\\xampp\\php;C:\\ProgramData\\ComposerSetup\\bin'
    'SystemRoot' => 'C:\\windows'
    'COMSPEC' => 'C:\\windows\\system32\\cmd.exe'
    'PATHEXT' => '.COM;.EXE;.BAT;.CMD;.VBS;.VBE;.JS;.JSE;.WSF;.WSH;.MSC'
    'WINDIR' => 'C:\\windows'
    'SERVER_SIGNATURE' => '<address>Apache/2.4.10 (Win32) OpenSSL/1.0.1i PHP/5.5.15 Server at order.irwinstockfeeds.com.au Port 80</address>
'
    'SERVER_SOFTWARE' => 'Apache/2.4.10 (Win32) OpenSSL/1.0.1i PHP/5.5.15'
    'SERVER_NAME' => 'order.irwinstockfeeds.com.au'
    'SERVER_ADDR' => '127.0.0.1'
    'SERVER_PORT' => '80'
    'REMOTE_ADDR' => '127.0.0.1'
    'DOCUMENT_ROOT' => 'C:/xampp-projects/OnlineOrdering'
    'REQUEST_SCHEME' => 'http'
    'CONTEXT_PREFIX' => ''
    'CONTEXT_DOCUMENT_ROOT' => 'C:/xampp-projects/OnlineOrdering'
    'SERVER_ADMIN' => 'postmaster@localhost'
    'SCRIPT_FILENAME' => 'C:/xampp-projects/OnlineOrdering/index.php'
    'REMOTE_PORT' => '59488'
    'REDIRECT_QUERY_STRING' => 'tag=55727fd3d64bb'
    'REDIRECT_URL' => '/debug/default/toolbar'
    'GATEWAY_INTERFACE' => 'CGI/1.1'
    'SERVER_PROTOCOL' => 'HTTP/1.1'
    'REQUEST_METHOD' => 'GET'
    'QUERY_STRING' => 'tag=55727fd3d64bb'
    'REQUEST_URI' => '/debug/default/toolbar?tag=55727fd3d64bb'
    'SCRIPT_NAME' => '/index.php'
    'PHP_SELF' => '/index.php'
    'REQUEST_TIME_FLOAT' => 1433567188.026
    'REQUEST_TIME' => 1433567188
]
2015-06-06 15:06:34 [127.0.0.1][1][-][error][yii\web\HttpException:403] exception 'yii\web\ForbiddenHttpException' with message 'You are not allowed to perform this action.' in C:\xampp-projects\OnlineOrdering\_protected\vendor\mdmsoft\yii2-admin\components\AccessControl.php:96
Stack trace:
#0 C:\xampp-projects\OnlineOrdering\_protected\vendor\mdmsoft\yii2-admin\components\AccessControl.php(81): mdm\admin\components\AccessControl->denyAccess(Object(yii\web\User))
#1 C:\xampp-projects\OnlineOrdering\_protected\vendor\yiisoft\yii2\base\ActionFilter.php(71): mdm\admin\components\AccessControl->beforeAction(Object(yii\base\InlineAction))
#2 [internal function]: yii\base\ActionFilter->beforeFilter(Object(yii\base\ActionEvent))
#3 C:\xampp-projects\OnlineOrdering\_protected\vendor\yiisoft\yii2\base\Component.php(541): call_user_func(Array, Object(yii\base\ActionEvent))
#4 C:\xampp-projects\OnlineOrdering\_protected\vendor\yiisoft\yii2\base\Module.php(607): yii\base\Component->trigger('beforeAction', Object(yii\base\ActionEvent))
#5 C:\xampp-projects\OnlineOrdering\_protected\vendor\yiisoft\yii2\base\Controller.php(139): yii\base\Module->beforeAction(Object(yii\base\InlineAction))
#6 C:\xampp-projects\OnlineOrdering\_protected\vendor\yiisoft\yii2\base\Module.php(455): yii\base\Controller->runAction('toolbar', Array)
#7 C:\xampp-projects\OnlineOrdering\_protected\vendor\yiisoft\yii2\web\Application.php(84): yii\base\Module->runAction('debug/default/t...', Array)
#8 C:\xampp-projects\OnlineOrdering\_protected\vendor\yiisoft\yii2\base\Application.php(375): yii\web\Application->handleRequest(Object(yii\web\Request))
#9 C:\xampp-projects\OnlineOrdering\index.php(12): yii\base\Application->run()
#10 {main}
2015-06-06 15:06:34 [127.0.0.1][1][-][info][application] $_GET = [
    'tag' => '55727fd959b1a'
]

$_COOKIE = [
    'PHPSESSID' => '7tpcp9lbr1tpb0tm2jec13la57'
    '_csrf' => '60325716d8de8aa1e2ce6fc309371059d42166645528e48cea1d5ace8e4dcc7ba:2:{i:0;s:5:\"_csrf\";i:1;s:32:\"9KP7bppW3hUxw8hJU4goz6C5OoFxtLlX\";}'
]

$_SESSION = [
    '__flash' => []
    '__id' => 1
]

$_SERVER = [
    'REDIRECT_MIBDIRS' => 'C:/xampp/php/extras/mibs'
    'REDIRECT_MYSQL_HOME' => '\\xampp\\mysql\\bin'
    'REDIRECT_OPENSSL_CONF' => 'C:/xampp/apache/bin/openssl.cnf'
    'REDIRECT_PHP_PEAR_SYSCONF_DIR' => '\\xampp\\php'
    'REDIRECT_PHPRC' => '\\xampp\\php'
    'REDIRECT_TMP' => '\\xampp\\tmp'
    'REDIRECT_STATUS' => '200'
    'MIBDIRS' => 'C:/xampp/php/extras/mibs'
    'MYSQL_HOME' => '\\xampp\\mysql\\bin'
    'OPENSSL_CONF' => 'C:/xampp/apache/bin/openssl.cnf'
    'PHP_PEAR_SYSCONF_DIR' => '\\xampp\\php'
    'PHPRC' => '\\xampp\\php'
    'TMP' => '\\xampp\\tmp'
    'HTTP_ACCEPT' => 'text/html'
    'HTTP_X_REQUESTED_WITH' => 'XMLHttpRequest'
    'HTTP_REFERER' => 'http://order.irwinstockfeeds.com.au/admin'
    'HTTP_ACCEPT_LANGUAGE' => 'en-AU'
    'HTTP_ACCEPT_ENCODING' => 'gzip, deflate'
    'HTTP_USER_AGENT' => 'Mozilla/5.0 (Windows NT 6.3; WOW64; Trident/7.0; Touch; rv:11.0) like Gecko'
    'HTTP_HOST' => 'order.irwinstockfeeds.com.au'
    'HTTP_DNT' => '1'
    'HTTP_CONNECTION' => 'Keep-Alive'
    'HTTP_COOKIE' => 'PHPSESSID=7tpcp9lbr1tpb0tm2jec13la57; _csrf=60325716d8de8aa1e2ce6fc309371059d42166645528e48cea1d5ace8e4dcc7ba%3A2%3A%7Bi%3A0%3Bs%3A5%3A%22_csrf%22%3Bi%3A1%3Bs%3A32%3A%229KP7bppW3hUxw8hJU4goz6C5OoFxtLlX%22%3B%7D'
    'PATH' => 'C:\\ProgramData\\Oracle\\Java\\javapath;C:\\windows\\system32;C:\\windows;C:\\windows\\System32\\Wbem;C:\\windows\\System32\\WindowsPowerShell\\v1.0\\;C:\\xampp\\php;C:\\ProgramData\\ComposerSetup\\bin'
    'SystemRoot' => 'C:\\windows'
    'COMSPEC' => 'C:\\windows\\system32\\cmd.exe'
    'PATHEXT' => '.COM;.EXE;.BAT;.CMD;.VBS;.VBE;.JS;.JSE;.WSF;.WSH;.MSC'
    'WINDIR' => 'C:\\windows'
    'SERVER_SIGNATURE' => '<address>Apache/2.4.10 (Win32) OpenSSL/1.0.1i PHP/5.5.15 Server at order.irwinstockfeeds.com.au Port 80</address>
'
    'SERVER_SOFTWARE' => 'Apache/2.4.10 (Win32) OpenSSL/1.0.1i PHP/5.5.15'
    'SERVER_NAME' => 'order.irwinstockfeeds.com.au'
    'SERVER_ADDR' => '127.0.0.1'
    'SERVER_PORT' => '80'
    'REMOTE_ADDR' => '127.0.0.1'
    'DOCUMENT_ROOT' => 'C:/xampp-projects/OnlineOrdering'
    'REQUEST_SCHEME' => 'http'
    'CONTEXT_PREFIX' => ''
    'CONTEXT_DOCUMENT_ROOT' => 'C:/xampp-projects/OnlineOrdering'
    'SERVER_ADMIN' => 'postmaster@localhost'
    'SCRIPT_FILENAME' => 'C:/xampp-projects/OnlineOrdering/index.php'
    'REMOTE_PORT' => '59488'
    'REDIRECT_QUERY_STRING' => 'tag=55727fd959b1a'
    'REDIRECT_URL' => '/debug/default/toolbar'
    'GATEWAY_INTERFACE' => 'CGI/1.1'
    'SERVER_PROTOCOL' => 'HTTP/1.1'
    'REQUEST_METHOD' => 'GET'
    'QUERY_STRING' => 'tag=55727fd959b1a'
    'REQUEST_URI' => '/debug/default/toolbar?tag=55727fd959b1a'
    'SCRIPT_NAME' => '/index.php'
    'PHP_SELF' => '/index.php'
    'REQUEST_TIME_FLOAT' => 1433567193.579
    'REQUEST_TIME' => 1433567193
]
2015-06-06 15:09:36 [127.0.0.1][1][-][error][yii\base\ErrorException:2] exception 'yii\base\ErrorException' with message 'Invalid argument supplied for foreach()' in C:\xampp-projects\OnlineOrdering\_protected\vendor\mdmsoft\yii2-admin\controllers\AssignmentController.php:111
Stack trace:
#0 C:\xampp-projects\OnlineOrdering\_protected\vendor\mdmsoft\yii2-admin\controllers\AssignmentController.php(111): yii\base\ErrorHandler->handleError(2, 'Invalid argumen...', 'C:\\xampp-projec...', 111, Array)
#1 [internal function]: mdm\admin\controllers\AssignmentController->actionAssign()
#2 C:\xampp-projects\OnlineOrdering\_protected\vendor\yiisoft\yii2\base\InlineAction.php(55): call_user_func_array(Array, Array)
#3 C:\xampp-projects\OnlineOrdering\_protected\vendor\yiisoft\yii2\base\Controller.php(151): yii\base\InlineAction->runWithParams(Array)
#4 C:\xampp-projects\OnlineOrdering\_protected\vendor\yiisoft\yii2\base\Module.php(455): yii\base\Controller->runAction('assign', Array)
#5 C:\xampp-projects\OnlineOrdering\_protected\vendor\yiisoft\yii2\web\Application.php(84): yii\base\Module->runAction('admin/assignmen...', Array)
#6 C:\xampp-projects\OnlineOrdering\_protected\vendor\yiisoft\yii2\base\Application.php(375): yii\web\Application->handleRequest(Object(yii\web\Request))
#7 C:\xampp-projects\OnlineOrdering\index.php(12): yii\base\Application->run()
#8 {main}
2015-06-06 15:09:36 [127.0.0.1][1][-][info][application] $_POST = [
    'id' => '1'
    'action' => 'assign'
    'roles' => ''
]

$_COOKIE = [
    'PHPSESSID' => '7tpcp9lbr1tpb0tm2jec13la57'
    '_csrf' => '60325716d8de8aa1e2ce6fc309371059d42166645528e48cea1d5ace8e4dcc7ba:2:{i:0;s:5:\"_csrf\";i:1;s:32:\"9KP7bppW3hUxw8hJU4goz6C5OoFxtLlX\";}'
]

$_SESSION = [
    '__flash' => []
    '__id' => 1
]

$_SERVER = [
    'REDIRECT_MIBDIRS' => 'C:/xampp/php/extras/mibs'
    'REDIRECT_MYSQL_HOME' => '\\xampp\\mysql\\bin'
    'REDIRECT_OPENSSL_CONF' => 'C:/xampp/apache/bin/openssl.cnf'
    'REDIRECT_PHP_PEAR_SYSCONF_DIR' => '\\xampp\\php'
    'REDIRECT_PHPRC' => '\\xampp\\php'
    'REDIRECT_TMP' => '\\xampp\\tmp'
    'REDIRECT_STATUS' => '200'
    'MIBDIRS' => 'C:/xampp/php/extras/mibs'
    'MYSQL_HOME' => '\\xampp\\mysql\\bin'
    'OPENSSL_CONF' => 'C:/xampp/apache/bin/openssl.cnf'
    'PHP_PEAR_SYSCONF_DIR' => '\\xampp\\php'
    'PHPRC' => '\\xampp\\php'
    'TMP' => '\\xampp\\tmp'
    'HTTP_X_REQUESTED_WITH' => 'XMLHttpRequest'
    'HTTP_X_CSRF_TOKEN' => 'eGcycC5ib29BLGJHTBIfOEsPZwhZWgclLVNVH1RULFo3CHQIWi4DNw=='
    'CONTENT_TYPE' => 'application/x-www-form-urlencoded; charset=UTF-8'
    'HTTP_ACCEPT' => '*/*'
    'HTTP_REFERER' => 'http://order.irwinstockfeeds.com.au/admin/assignment/view?id=1'
    'HTTP_ACCEPT_LANGUAGE' => 'en-AU'
    'HTTP_ACCEPT_ENCODING' => 'gzip, deflate'
    'HTTP_USER_AGENT' => 'Mozilla/5.0 (Windows NT 6.3; WOW64; Trident/7.0; Touch; rv:11.0) like Gecko'
    'HTTP_HOST' => 'order.irwinstockfeeds.com.au'
    'CONTENT_LENGTH' => '25'
    'HTTP_DNT' => '1'
    'HTTP_CONNECTION' => 'Keep-Alive'
    'HTTP_CACHE_CONTROL' => 'no-cache'
    'HTTP_COOKIE' => 'PHPSESSID=7tpcp9lbr1tpb0tm2jec13la57; _csrf=60325716d8de8aa1e2ce6fc309371059d42166645528e48cea1d5ace8e4dcc7ba%3A2%3A%7Bi%3A0%3Bs%3A5%3A%22_csrf%22%3Bi%3A1%3Bs%3A32%3A%229KP7bppW3hUxw8hJU4goz6C5OoFxtLlX%22%3B%7D'
    'PATH' => 'C:\\ProgramData\\Oracle\\Java\\javapath;C:\\windows\\system32;C:\\windows;C:\\windows\\System32\\Wbem;C:\\windows\\System32\\WindowsPowerShell\\v1.0\\;C:\\xampp\\php;C:\\ProgramData\\ComposerSetup\\bin'
    'SystemRoot' => 'C:\\windows'
    'COMSPEC' => 'C:\\windows\\system32\\cmd.exe'
    'PATHEXT' => '.COM;.EXE;.BAT;.CMD;.VBS;.VBE;.JS;.JSE;.WSF;.WSH;.MSC'
    'WINDIR' => 'C:\\windows'
    'SERVER_SIGNATURE' => '<address>Apache/2.4.10 (Win32) OpenSSL/1.0.1i PHP/5.5.15 Server at order.irwinstockfeeds.com.au Port 80</address>
'
    'SERVER_SOFTWARE' => 'Apache/2.4.10 (Win32) OpenSSL/1.0.1i PHP/5.5.15'
    'SERVER_NAME' => 'order.irwinstockfeeds.com.au'
    'SERVER_ADDR' => '127.0.0.1'
    'SERVER_PORT' => '80'
    'REMOTE_ADDR' => '127.0.0.1'
    'DOCUMENT_ROOT' => 'C:/xampp-projects/OnlineOrdering'
    'REQUEST_SCHEME' => 'http'
    'CONTEXT_PREFIX' => ''
    'CONTEXT_DOCUMENT_ROOT' => 'C:/xampp-projects/OnlineOrdering'
    'SERVER_ADMIN' => 'postmaster@localhost'
    'SCRIPT_FILENAME' => 'C:/xampp-projects/OnlineOrdering/index.php'
    'REMOTE_PORT' => '59567'
    'REDIRECT_URL' => '/admin/assignment/assign'
    'GATEWAY_INTERFACE' => 'CGI/1.1'
    'SERVER_PROTOCOL' => 'HTTP/1.1'
    'REQUEST_METHOD' => 'POST'
    'QUERY_STRING' => ''
    'REQUEST_URI' => '/admin/assignment/assign'
    'SCRIPT_NAME' => '/index.php'
    'PHP_SELF' => '/index.php'
    'REQUEST_TIME_FLOAT' => 1433567375.838
    'REQUEST_TIME' => 1433567375
]
2015-06-06 15:12:47 [127.0.0.1][1][-][error][yii\web\HttpException:404] exception 'yii\base\InvalidRouteException' with message 'Unable to resolve the request "assets/a139f1ba/images/ui-bg_flat_75_ffffff_40x100.png".' in C:\xampp-projects\OnlineOrdering\_protected\vendor\yiisoft\yii2\base\Module.php:461
Stack trace:
#0 C:\xampp-projects\OnlineOrdering\_protected\vendor\yiisoft\yii2\web\Application.php(84): yii\base\Module->runAction('assets/a139f1ba...', Array)
#1 C:\xampp-projects\OnlineOrdering\_protected\vendor\yiisoft\yii2\base\Application.php(375): yii\web\Application->handleRequest(Object(yii\web\Request))
#2 C:\xampp-projects\OnlineOrdering\index.php(12): yii\base\Application->run()
#3 {main}

Next exception 'yii\web\NotFoundHttpException' with message 'Page not found.' in C:\xampp-projects\OnlineOrdering\_protected\vendor\yiisoft\yii2\web\Application.php:96
Stack trace:
#0 C:\xampp-projects\OnlineOrdering\_protected\vendor\yiisoft\yii2\base\Application.php(375): yii\web\Application->handleRequest(Object(yii\web\Request))
#1 C:\xampp-projects\OnlineOrdering\index.php(12): yii\base\Application->run()
#2 {main}
2015-06-06 15:12:47 [127.0.0.1][1][-][info][application] $_COOKIE = [
    'PHPSESSID' => '7tpcp9lbr1tpb0tm2jec13la57'
    '_csrf' => '60325716d8de8aa1e2ce6fc309371059d42166645528e48cea1d5ace8e4dcc7ba:2:{i:0;s:5:\"_csrf\";i:1;s:32:\"9KP7bppW3hUxw8hJU4goz6C5OoFxtLlX\";}'
]

$_SESSION = [
    '__flash' => []
    '__id' => 1
]

$_SERVER = [
    'REDIRECT_MIBDIRS' => 'C:/xampp/php/extras/mibs'
    'REDIRECT_MYSQL_HOME' => '\\xampp\\mysql\\bin'
    'REDIRECT_OPENSSL_CONF' => 'C:/xampp/apache/bin/openssl.cnf'
    'REDIRECT_PHP_PEAR_SYSCONF_DIR' => '\\xampp\\php'
    'REDIRECT_PHPRC' => '\\xampp\\php'
    'REDIRECT_TMP' => '\\xampp\\tmp'
    'REDIRECT_STATUS' => '200'
    'MIBDIRS' => 'C:/xampp/php/extras/mibs'
    'MYSQL_HOME' => '\\xampp\\mysql\\bin'
    'OPENSSL_CONF' => 'C:/xampp/apache/bin/openssl.cnf'
    'PHP_PEAR_SYSCONF_DIR' => '\\xampp\\php'
    'PHPRC' => '\\xampp\\php'
    'TMP' => '\\xampp\\tmp'
    'HTTP_ACCEPT' => 'image/png, image/svg+xml, image/*;q=0.8, */*;q=0.5'
    'HTTP_REFERER' => 'http://order.irwinstockfeeds.com.au/admin/permission/create'
    'HTTP_ACCEPT_LANGUAGE' => 'en-AU'
    'HTTP_USER_AGENT' => 'Mozilla/5.0 (Windows NT 6.3; WOW64; Trident/7.0; Touch; rv:11.0) like Gecko'
    'HTTP_ACCEPT_ENCODING' => 'gzip, deflate'
    'HTTP_HOST' => 'order.irwinstockfeeds.com.au'
    'HTTP_DNT' => '1'
    'HTTP_CONNECTION' => 'Keep-Alive'
    'HTTP_COOKIE' => 'PHPSESSID=7tpcp9lbr1tpb0tm2jec13la57; _csrf=60325716d8de8aa1e2ce6fc309371059d42166645528e48cea1d5ace8e4dcc7ba%3A2%3A%7Bi%3A0%3Bs%3A5%3A%22_csrf%22%3Bi%3A1%3Bs%3A32%3A%229KP7bppW3hUxw8hJU4goz6C5OoFxtLlX%22%3B%7D'
    'PATH' => 'C:\\ProgramData\\Oracle\\Java\\javapath;C:\\windows\\system32;C:\\windows;C:\\windows\\System32\\Wbem;C:\\windows\\System32\\WindowsPowerShell\\v1.0\\;C:\\xampp\\php;C:\\ProgramData\\ComposerSetup\\bin'
    'SystemRoot' => 'C:\\windows'
    'COMSPEC' => 'C:\\windows\\system32\\cmd.exe'
    'PATHEXT' => '.COM;.EXE;.BAT;.CMD;.VBS;.VBE;.JS;.JSE;.WSF;.WSH;.MSC'
    'WINDIR' => 'C:\\windows'
    'SERVER_SIGNATURE' => '<address>Apache/2.4.10 (Win32) OpenSSL/1.0.1i PHP/5.5.15 Server at order.irwinstockfeeds.com.au Port 80</address>
'
    'SERVER_SOFTWARE' => 'Apache/2.4.10 (Win32) OpenSSL/1.0.1i PHP/5.5.15'
    'SERVER_NAME' => 'order.irwinstockfeeds.com.au'
    'SERVER_ADDR' => '127.0.0.1'
    'SERVER_PORT' => '80'
    'REMOTE_ADDR' => '127.0.0.1'
    'DOCUMENT_ROOT' => 'C:/xampp-projects/OnlineOrdering'
    'REQUEST_SCHEME' => 'http'
    'CONTEXT_PREFIX' => ''
    'CONTEXT_DOCUMENT_ROOT' => 'C:/xampp-projects/OnlineOrdering'
    'SERVER_ADMIN' => 'postmaster@localhost'
    'SCRIPT_FILENAME' => 'C:/xampp-projects/OnlineOrdering/index.php'
    'REMOTE_PORT' => '59629'
    'REDIRECT_URL' => '/assets/a139f1ba/images/ui-bg_flat_75_ffffff_40x100.png'
    'GATEWAY_INTERFACE' => 'CGI/1.1'
    'SERVER_PROTOCOL' => 'HTTP/1.1'
    'REQUEST_METHOD' => 'GET'
    'QUERY_STRING' => ''
    'REQUEST_URI' => '/assets/a139f1ba/images/ui-bg_flat_75_ffffff_40x100.png'
    'SCRIPT_NAME' => '/index.php'
    'PHP_SELF' => '/index.php'
    'REQUEST_TIME_FLOAT' => 1433567567.552
    'REQUEST_TIME' => 1433567567
]
2015-06-06 15:13:15 [127.0.0.1][1][-][error][yii\web\HttpException:404] exception 'yii\base\InvalidRouteException' with message 'Unable to resolve the request "assets/a139f1ba/images/ui-bg_flat_75_ffffff_40x100.png".' in C:\xampp-projects\OnlineOrdering\_protected\vendor\yiisoft\yii2\base\Module.php:461
Stack trace:
#0 C:\xampp-projects\OnlineOrdering\_protected\vendor\yiisoft\yii2\web\Application.php(84): yii\base\Module->runAction('assets/a139f1ba...', Array)
#1 C:\xampp-projects\OnlineOrdering\_protected\vendor\yiisoft\yii2\base\Application.php(375): yii\web\Application->handleRequest(Object(yii\web\Request))
#2 C:\xampp-projects\OnlineOrdering\index.php(12): yii\base\Application->run()
#3 {main}

Next exception 'yii\web\NotFoundHttpException' with message 'Page not found.' in C:\xampp-projects\OnlineOrdering\_protected\vendor\yiisoft\yii2\web\Application.php:96
Stack trace:
#0 C:\xampp-projects\OnlineOrdering\_protected\vendor\yiisoft\yii2\base\Application.php(375): yii\web\Application->handleRequest(Object(yii\web\Request))
#1 C:\xampp-projects\OnlineOrdering\index.php(12): yii\base\Application->run()
#2 {main}
2015-06-06 15:13:15 [127.0.0.1][1][-][info][application] $_COOKIE = [
    'PHPSESSID' => '7tpcp9lbr1tpb0tm2jec13la57'
    '_csrf' => '60325716d8de8aa1e2ce6fc309371059d42166645528e48cea1d5ace8e4dcc7ba:2:{i:0;s:5:\"_csrf\";i:1;s:32:\"9KP7bppW3hUxw8hJU4goz6C5OoFxtLlX\";}'
]

$_SESSION = [
    '__flash' => []
    '__id' => 1
]

$_SERVER = [
    'REDIRECT_MIBDIRS' => 'C:/xampp/php/extras/mibs'
    'REDIRECT_MYSQL_HOME' => '\\xampp\\mysql\\bin'
    'REDIRECT_OPENSSL_CONF' => 'C:/xampp/apache/bin/openssl.cnf'
    'REDIRECT_PHP_PEAR_SYSCONF_DIR' => '\\xampp\\php'
    'REDIRECT_PHPRC' => '\\xampp\\php'
    'REDIRECT_TMP' => '\\xampp\\tmp'
    'REDIRECT_STATUS' => '200'
    'MIBDIRS' => 'C:/xampp/php/extras/mibs'
    'MYSQL_HOME' => '\\xampp\\mysql\\bin'
    'OPENSSL_CONF' => 'C:/xampp/apache/bin/openssl.cnf'
    'PHP_PEAR_SYSCONF_DIR' => '\\xampp\\php'
    'PHPRC' => '\\xampp\\php'
    'TMP' => '\\xampp\\tmp'
    'HTTP_ACCEPT' => 'image/png, image/svg+xml, image/*;q=0.8, */*;q=0.5'
    'HTTP_REFERER' => 'http://order.irwinstockfeeds.com.au/admin/permission/create'
    'HTTP_ACCEPT_LANGUAGE' => 'en-AU'
    'HTTP_USER_AGENT' => 'Mozilla/5.0 (Windows NT 6.3; WOW64; Trident/7.0; Touch; rv:11.0) like Gecko'
    'HTTP_ACCEPT_ENCODING' => 'gzip, deflate'
    'HTTP_HOST' => 'order.irwinstockfeeds.com.au'
    'HTTP_DNT' => '1'
    'HTTP_CONNECTION' => 'Keep-Alive'
    'HTTP_COOKIE' => 'PHPSESSID=7tpcp9lbr1tpb0tm2jec13la57; _csrf=60325716d8de8aa1e2ce6fc309371059d42166645528e48cea1d5ace8e4dcc7ba%3A2%3A%7Bi%3A0%3Bs%3A5%3A%22_csrf%22%3Bi%3A1%3Bs%3A32%3A%229KP7bppW3hUxw8hJU4goz6C5OoFxtLlX%22%3B%7D'
    'PATH' => 'C:\\ProgramData\\Oracle\\Java\\javapath;C:\\windows\\system32;C:\\windows;C:\\windows\\System32\\Wbem;C:\\windows\\System32\\WindowsPowerShell\\v1.0\\;C:\\xampp\\php;C:\\ProgramData\\ComposerSetup\\bin'
    'SystemRoot' => 'C:\\windows'
    'COMSPEC' => 'C:\\windows\\system32\\cmd.exe'
    'PATHEXT' => '.COM;.EXE;.BAT;.CMD;.VBS;.VBE;.JS;.JSE;.WSF;.WSH;.MSC'
    'WINDIR' => 'C:\\windows'
    'SERVER_SIGNATURE' => '<address>Apache/2.4.10 (Win32) OpenSSL/1.0.1i PHP/5.5.15 Server at order.irwinstockfeeds.com.au Port 80</address>
'
    'SERVER_SOFTWARE' => 'Apache/2.4.10 (Win32) OpenSSL/1.0.1i PHP/5.5.15'
    'SERVER_NAME' => 'order.irwinstockfeeds.com.au'
    'SERVER_ADDR' => '127.0.0.1'
    'SERVER_PORT' => '80'
    'REMOTE_ADDR' => '127.0.0.1'
    'DOCUMENT_ROOT' => 'C:/xampp-projects/OnlineOrdering'
    'REQUEST_SCHEME' => 'http'
    'CONTEXT_PREFIX' => ''
    'CONTEXT_DOCUMENT_ROOT' => 'C:/xampp-projects/OnlineOrdering'
    'SERVER_ADMIN' => 'postmaster@localhost'
    'SCRIPT_FILENAME' => 'C:/xampp-projects/OnlineOrdering/index.php'
    'REMOTE_PORT' => '59636'
    'REDIRECT_URL' => '/assets/a139f1ba/images/ui-bg_flat_75_ffffff_40x100.png'
    'GATEWAY_INTERFACE' => 'CGI/1.1'
    'SERVER_PROTOCOL' => 'HTTP/1.1'
    'REQUEST_METHOD' => 'GET'
    'QUERY_STRING' => ''
    'REQUEST_URI' => '/assets/a139f1ba/images/ui-bg_flat_75_ffffff_40x100.png'
    'SCRIPT_NAME' => '/index.php'
    'PHP_SELF' => '/index.php'
    'REQUEST_TIME_FLOAT' => 1433567595.606
    'REQUEST_TIME' => 1433567595
]
2015-06-06 15:13:46 [127.0.0.1][1][-][error][yii\web\HttpException:404] exception 'yii\base\InvalidRouteException' with message 'Unable to resolve the request "assets/a139f1ba/images/ui-bg_flat_75_ffffff_40x100.png".' in C:\xampp-projects\OnlineOrdering\_protected\vendor\yiisoft\yii2\base\Module.php:461
Stack trace:
#0 C:\xampp-projects\OnlineOrdering\_protected\vendor\yiisoft\yii2\web\Application.php(84): yii\base\Module->runAction('assets/a139f1ba...', Array)
#1 C:\xampp-projects\OnlineOrdering\_protected\vendor\yiisoft\yii2\base\Application.php(375): yii\web\Application->handleRequest(Object(yii\web\Request))
#2 C:\xampp-projects\OnlineOrdering\index.php(12): yii\base\Application->run()
#3 {main}

Next exception 'yii\web\NotFoundHttpException' with message 'Page not found.' in C:\xampp-projects\OnlineOrdering\_protected\vendor\yiisoft\yii2\web\Application.php:96
Stack trace:
#0 C:\xampp-projects\OnlineOrdering\_protected\vendor\yiisoft\yii2\base\Application.php(375): yii\web\Application->handleRequest(Object(yii\web\Request))
#1 C:\xampp-projects\OnlineOrdering\index.php(12): yii\base\Application->run()
#2 {main}
2015-06-06 15:13:46 [127.0.0.1][1][-][info][application] $_COOKIE = [
    'PHPSESSID' => '7tpcp9lbr1tpb0tm2jec13la57'
    '_csrf' => '60325716d8de8aa1e2ce6fc309371059d42166645528e48cea1d5ace8e4dcc7ba:2:{i:0;s:5:\"_csrf\";i:1;s:32:\"9KP7bppW3hUxw8hJU4goz6C5OoFxtLlX\";}'
]

$_SESSION = [
    '__flash' => []
    '__id' => 1
]

$_SERVER = [
    'REDIRECT_MIBDIRS' => 'C:/xampp/php/extras/mibs'
    'REDIRECT_MYSQL_HOME' => '\\xampp\\mysql\\bin'
    'REDIRECT_OPENSSL_CONF' => 'C:/xampp/apache/bin/openssl.cnf'
    'REDIRECT_PHP_PEAR_SYSCONF_DIR' => '\\xampp\\php'
    'REDIRECT_PHPRC' => '\\xampp\\php'
    'REDIRECT_TMP' => '\\xampp\\tmp'
    'REDIRECT_STATUS' => '200'
    'MIBDIRS' => 'C:/xampp/php/extras/mibs'
    'MYSQL_HOME' => '\\xampp\\mysql\\bin'
    'OPENSSL_CONF' => 'C:/xampp/apache/bin/openssl.cnf'
    'PHP_PEAR_SYSCONF_DIR' => '\\xampp\\php'
    'PHPRC' => '\\xampp\\php'
    'TMP' => '\\xampp\\tmp'
    'HTTP_ACCEPT' => 'image/png, image/svg+xml, image/*;q=0.8, */*;q=0.5'
    'HTTP_REFERER' => 'http://order.irwinstockfeeds.com.au/admin/role/create'
    'HTTP_ACCEPT_LANGUAGE' => 'en-AU'
    'HTTP_USER_AGENT' => 'Mozilla/5.0 (Windows NT 6.3; WOW64; Trident/7.0; Touch; rv:11.0) like Gecko'
    'HTTP_ACCEPT_ENCODING' => 'gzip, deflate'
    'HTTP_HOST' => 'order.irwinstockfeeds.com.au'
    'HTTP_DNT' => '1'
    'HTTP_CONNECTION' => 'Keep-Alive'
    'HTTP_COOKIE' => 'PHPSESSID=7tpcp9lbr1tpb0tm2jec13la57; _csrf=60325716d8de8aa1e2ce6fc309371059d42166645528e48cea1d5ace8e4dcc7ba%3A2%3A%7Bi%3A0%3Bs%3A5%3A%22_csrf%22%3Bi%3A1%3Bs%3A32%3A%229KP7bppW3hUxw8hJU4goz6C5OoFxtLlX%22%3B%7D'
    'PATH' => 'C:\\ProgramData\\Oracle\\Java\\javapath;C:\\windows\\system32;C:\\windows;C:\\windows\\System32\\Wbem;C:\\windows\\System32\\WindowsPowerShell\\v1.0\\;C:\\xampp\\php;C:\\ProgramData\\ComposerSetup\\bin'
    'SystemRoot' => 'C:\\windows'
    'COMSPEC' => 'C:\\windows\\system32\\cmd.exe'
    'PATHEXT' => '.COM;.EXE;.BAT;.CMD;.VBS;.VBE;.JS;.JSE;.WSF;.WSH;.MSC'
    'WINDIR' => 'C:\\windows'
    'SERVER_SIGNATURE' => '<address>Apache/2.4.10 (Win32) OpenSSL/1.0.1i PHP/5.5.15 Server at order.irwinstockfeeds.com.au Port 80</address>
'
    'SERVER_SOFTWARE' => 'Apache/2.4.10 (Win32) OpenSSL/1.0.1i PHP/5.5.15'
    'SERVER_NAME' => 'order.irwinstockfeeds.com.au'
    'SERVER_ADDR' => '127.0.0.1'
    'SERVER_PORT' => '80'
    'REMOTE_ADDR' => '127.0.0.1'
    'DOCUMENT_ROOT' => 'C:/xampp-projects/OnlineOrdering'
    'REQUEST_SCHEME' => 'http'
    'CONTEXT_PREFIX' => ''
    'CONTEXT_DOCUMENT_ROOT' => 'C:/xampp-projects/OnlineOrdering'
    'SERVER_ADMIN' => 'postmaster@localhost'
    'SCRIPT_FILENAME' => 'C:/xampp-projects/OnlineOrdering/index.php'
    'REMOTE_PORT' => '59648'
    'REDIRECT_URL' => '/assets/a139f1ba/images/ui-bg_flat_75_ffffff_40x100.png'
    'GATEWAY_INTERFACE' => 'CGI/1.1'
    'SERVER_PROTOCOL' => 'HTTP/1.1'
    'REQUEST_METHOD' => 'GET'
    'QUERY_STRING' => ''
    'REQUEST_URI' => '/assets/a139f1ba/images/ui-bg_flat_75_ffffff_40x100.png'
    'SCRIPT_NAME' => '/index.php'
    'PHP_SELF' => '/index.php'
    'REQUEST_TIME_FLOAT' => 1433567626.331
    'REQUEST_TIME' => 1433567626
]
